20231011 162006.621 INFO             PET0 !!!!!!!!!!!!!!!!!!!!!!!!!!!!!!!!!!!!!!!!!!!!!!!!!!!!!!
20231011 162006.625 INFO             PET0 !!! THE ESMF_LOG IS SET TO OUTPUT ALL LOG MESSAGES !!!
20231011 162006.625 INFO             PET0 !!!     THIS MAY CAUSE SLOWDOWN IN PERFORMANCE     !!!
20231011 162006.625 INFO             PET0 !!! FOR PRODUCTION RUNS, USE:                      !!!
20231011 162006.625 INFO             PET0 !!!                   ESMF_LOGKIND_Multi_On_Error  !!!
20231011 162006.625 INFO             PET0 !!!!!!!!!!!!!!!!!!!!!!!!!!!!!!!!!!!!!!!!!!!!!!!!!!!!!!
20231011 162006.625 INFO             PET0 Running with ESMF Version   : 8.2.0
20231011 162006.626 INFO             PET0 ESMF library build date/time: "Oct 27 2021" "16:45:03"
20231011 162006.626 INFO             PET0 ESMF library build location : /Users/runner/miniforge3/conda-bld/esmf_1635351529396/work
20231011 162006.626 INFO             PET0 ESMF_COMM                   : mpich3
20231011 162006.626 INFO             PET0 ESMF_MOAB                   : enabled
20231011 162006.626 INFO             PET0 ESMF_LAPACK                 : enabled
20231011 162006.626 INFO             PET0 ESMF_NETCDF                 : enabled
20231011 162006.626 INFO             PET0 ESMF_PNETCDF                : disabled
20231011 162006.626 INFO             PET0 ESMF_PIO                    : enabled
20231011 162006.626 INFO             PET0 ESMF_YAMLCPP                : enabled
20231011 162014.536 INFO             PET0 Finalizing ESMF
20231011 162014.606 INFO             PET0 !!!!!!!!!!!!!!!!!!!!!!!!!!!!!!!!!!!!!!!!!!!!!!!!!!!!!!
20231011 162014.607 INFO             PET0 !!! THE ESMF_LOG IS SET TO OUTPUT ALL LOG MESSAGES !!!
20231011 162014.607 INFO             PET0 !!!     THIS MAY CAUSE SLOWDOWN IN PERFORMANCE     !!!
20231011 162014.607 INFO             PET0 !!! FOR PRODUCTION RUNS, USE:                      !!!
20231011 162014.607 INFO             PET0 !!!                   ESMF_LOGKIND_Multi_On_Error  !!!
20231011 162014.607 INFO             PET0 !!!!!!!!!!!!!!!!!!!!!!!!!!!!!!!!!!!!!!!!!!!!!!!!!!!!!!
20231011 162014.607 INFO             PET0 Running with ESMF Version   : 8.2.0
20231011 162014.607 INFO             PET0 ESMF library build date/time: "Oct 27 2021" "16:45:03"
20231011 162014.607 INFO             PET0 ESMF library build location : /Users/runner/miniforge3/conda-bld/esmf_1635351529396/work
20231011 162014.607 INFO             PET0 ESMF_COMM                   : mpich3
20231011 162014.607 INFO             PET0 ESMF_MOAB                   : enabled
20231011 162014.607 INFO             PET0 ESMF_LAPACK                 : enabled
20231011 162014.607 INFO             PET0 ESMF_NETCDF                 : enabled
20231011 162014.607 INFO             PET0 ESMF_PNETCDF                : disabled
20231011 162014.607 INFO             PET0 ESMF_PIO                    : enabled
20231011 162014.607 INFO             PET0 ESMF_YAMLCPP                : enabled
20231011 162022.733 INFO             PET0 Finalizing ESMF
20231011 162022.799 INFO             PET0 !!!!!!!!!!!!!!!!!!!!!!!!!!!!!!!!!!!!!!!!!!!!!!!!!!!!!!
20231011 162022.800 INFO             PET0 !!! THE ESMF_LOG IS SET TO OUTPUT ALL LOG MESSAGES !!!
20231011 162022.800 INFO             PET0 !!!     THIS MAY CAUSE SLOWDOWN IN PERFORMANCE     !!!
20231011 162022.800 INFO             PET0 !!! FOR PRODUCTION RUNS, USE:                      !!!
20231011 162022.800 INFO             PET0 !!!                   ESMF_LOGKIND_Multi_On_Error  !!!
20231011 162022.800 INFO             PET0 !!!!!!!!!!!!!!!!!!!!!!!!!!!!!!!!!!!!!!!!!!!!!!!!!!!!!!
20231011 162022.800 INFO             PET0 Running with ESMF Version   : 8.2.0
20231011 162022.800 INFO             PET0 ESMF library build date/time: "Oct 27 2021" "16:45:03"
20231011 162022.800 INFO             PET0 ESMF library build location : /Users/runner/miniforge3/conda-bld/esmf_1635351529396/work
20231011 162022.800 INFO             PET0 ESMF_COMM                   : mpich3
20231011 162022.800 INFO             PET0 ESMF_MOAB                   : enabled
20231011 162022.800 INFO             PET0 ESMF_LAPACK                 : enabled
20231011 162022.800 INFO             PET0 ESMF_NETCDF                 : enabled
20231011 162022.800 INFO             PET0 ESMF_PNETCDF                : disabled
20231011 162022.800 INFO             PET0 ESMF_PIO                    : enabled
20231011 162022.800 INFO             PET0 ESMF_YAMLCPP                : enabled
20231011 162030.885 INFO             PET0 Finalizing ESMF
20231011 162030.960 INFO             PET0 !!!!!!!!!!!!!!!!!!!!!!!!!!!!!!!!!!!!!!!!!!!!!!!!!!!!!!
20231011 162030.961 INFO             PET0 !!! THE ESMF_LOG IS SET TO OUTPUT ALL LOG MESSAGES !!!
20231011 162030.961 INFO             PET0 !!!     THIS MAY CAUSE SLOWDOWN IN PERFORMANCE     !!!
20231011 162030.961 INFO             PET0 !!! FOR PRODUCTION RUNS, USE:                      !!!
20231011 162030.961 INFO             PET0 !!!                   ESMF_LOGKIND_Multi_On_Error  !!!
20231011 162030.961 INFO             PET0 !!!!!!!!!!!!!!!!!!!!!!!!!!!!!!!!!!!!!!!!!!!!!!!!!!!!!!
20231011 162030.961 INFO             PET0 Running with ESMF Version   : 8.2.0
20231011 162030.961 INFO             PET0 ESMF library build date/time: "Oct 27 2021" "16:45:03"
20231011 162030.961 INFO             PET0 ESMF library build location : /Users/runner/miniforge3/conda-bld/esmf_1635351529396/work
20231011 162030.961 INFO             PET0 ESMF_COMM                   : mpich3
20231011 162030.961 INFO             PET0 ESMF_MOAB                   : enabled
20231011 162030.961 INFO             PET0 ESMF_LAPACK                 : enabled
20231011 162030.961 INFO             PET0 ESMF_NETCDF                 : enabled
20231011 162030.961 INFO             PET0 ESMF_PNETCDF                : disabled
20231011 162030.961 INFO             PET0 ESMF_PIO                    : enabled
20231011 162030.961 INFO             PET0 ESMF_YAMLCPP                : enabled
20231011 162039.026 INFO             PET0 Finalizing ESMF
20231011 162039.099 INFO             PET0 !!!!!!!!!!!!!!!!!!!!!!!!!!!!!!!!!!!!!!!!!!!!!!!!!!!!!!
20231011 162039.099 INFO             PET0 !!! THE ESMF_LOG IS SET TO OUTPUT ALL LOG MESSAGES !!!
20231011 162039.099 INFO             PET0 !!!     THIS MAY CAUSE SLOWDOWN IN PERFORMANCE     !!!
20231011 162039.099 INFO             PET0 !!! FOR PRODUCTION RUNS, USE:                      !!!
20231011 162039.099 INFO             PET0 !!!                   ESMF_LOGKIND_Multi_On_Error  !!!
20231011 162039.099 INFO             PET0 !!!!!!!!!!!!!!!!!!!!!!!!!!!!!!!!!!!!!!!!!!!!!!!!!!!!!!
20231011 162039.099 INFO             PET0 Running with ESMF Version   : 8.2.0
20231011 162039.099 INFO             PET0 ESMF library build date/time: "Oct 27 2021" "16:45:03"
20231011 162039.099 INFO             PET0 ESMF library build location : /Users/runner/miniforge3/conda-bld/esmf_1635351529396/work
20231011 162039.099 INFO             PET0 ESMF_COMM                   : mpich3
20231011 162039.100 INFO             PET0 ESMF_MOAB                   : enabled
20231011 162039.100 INFO             PET0 ESMF_LAPACK                 : enabled
20231011 162039.100 INFO             PET0 ESMF_NETCDF                 : enabled
20231011 162039.100 INFO             PET0 ESMF_PNETCDF                : disabled
20231011 162039.100 INFO             PET0 ESMF_PIO                    : enabled
20231011 162039.100 INFO             PET0 ESMF_YAMLCPP                : enabled
20231011 162046.992 INFO             PET0 Finalizing ESMF
20231011 162047.067 INFO             PET0 !!!!!!!!!!!!!!!!!!!!!!!!!!!!!!!!!!!!!!!!!!!!!!!!!!!!!!
20231011 162047.067 INFO             PET0 !!! THE ESMF_LOG IS SET TO OUTPUT ALL LOG MESSAGES !!!
20231011 162047.067 INFO             PET0 !!!     THIS MAY CAUSE SLOWDOWN IN PERFORMANCE     !!!
20231011 162047.067 INFO             PET0 !!! FOR PRODUCTION RUNS, USE:                      !!!
20231011 162047.067 INFO             PET0 !!!                   ESMF_LOGKIND_Multi_On_Error  !!!
20231011 162047.067 INFO             PET0 !!!!!!!!!!!!!!!!!!!!!!!!!!!!!!!!!!!!!!!!!!!!!!!!!!!!!!
20231011 162047.067 INFO             PET0 Running with ESMF Version   : 8.2.0
20231011 162047.067 INFO             PET0 ESMF library build date/time: "Oct 27 2021" "16:45:03"
20231011 162047.067 INFO             PET0 ESMF library build location : /Users/runner/miniforge3/conda-bld/esmf_1635351529396/work
20231011 162047.067 INFO             PET0 ESMF_COMM                   : mpich3
20231011 162047.067 INFO             PET0 ESMF_MOAB                   : enabled
20231011 162047.067 INFO             PET0 ESMF_LAPACK                 : enabled
20231011 162047.067 INFO             PET0 ESMF_NETCDF                 : enabled
20231011 162047.067 INFO             PET0 ESMF_PNETCDF                : disabled
20231011 162047.067 INFO             PET0 ESMF_PIO                    : enabled
20231011 162047.067 INFO             PET0 ESMF_YAMLCPP                : enabled
20231011 162054.976 INFO             PET0 Finalizing ESMF
20231011 162055.053 INFO             PET0 !!!!!!!!!!!!!!!!!!!!!!!!!!!!!!!!!!!!!!!!!!!!!!!!!!!!!!
20231011 162055.054 INFO             PET0 !!! THE ESMF_LOG IS SET TO OUTPUT ALL LOG MESSAGES !!!
20231011 162055.054 INFO             PET0 !!!     THIS MAY CAUSE SLOWDOWN IN PERFORMANCE     !!!
20231011 162055.054 INFO             PET0 !!! FOR PRODUCTION RUNS, USE:                      !!!
20231011 162055.054 INFO             PET0 !!!                   ESMF_LOGKIND_Multi_On_Error  !!!
20231011 162055.054 INFO             PET0 !!!!!!!!!!!!!!!!!!!!!!!!!!!!!!!!!!!!!!!!!!!!!!!!!!!!!!
20231011 162055.054 INFO             PET0 Running with ESMF Version   : 8.2.0
20231011 162055.054 INFO             PET0 ESMF library build date/time: "Oct 27 2021" "16:45:03"
20231011 162055.054 INFO             PET0 ESMF library build location : /Users/runner/miniforge3/conda-bld/esmf_1635351529396/work
20231011 162055.054 INFO             PET0 ESMF_COMM                   : mpich3
20231011 162055.054 INFO             PET0 ESMF_MOAB                   : enabled
20231011 162055.054 INFO             PET0 ESMF_LAPACK                 : enabled
20231011 162055.054 INFO             PET0 ESMF_NETCDF                 : enabled
20231011 162055.054 INFO             PET0 ESMF_PNETCDF                : disabled
20231011 162055.054 INFO             PET0 ESMF_PIO                    : enabled
20231011 162055.054 INFO             PET0 ESMF_YAMLCPP                : enabled
20231011 162103.073 INFO             PET0 Finalizing ESMF
